[2022-04-11 21:51:47.047][INFO ][org.springframework.boot.StartupInfoLogger][restartedMain][55]Starting Application using Java 17.0.1 on truong-Latitude-7480 with PID 34883 (/home/truong/Documents/crypto-exchanges/BE_crypto-price-service/target/classes started by truong in /home/truong/Documents/crypto-exchanges/BE_crypto-price-service)
[2022-04-11 21:51:47.047][INFO ][org.springframework.boot.SpringApplication][restartedMain][640]No active profile set, falling back to 1 default profile: "default"
[2022-04-11 21:51:47.047][INFO ][org.springframework.boot.logging.DeferredLog][restartedMain][255]The Class-Path manifest attribute in /home/truong/.m2/repository/org/liquibase/liquibase-core/4.5.0/liquibase-core-4.5.0.jar referenced one or more files that do not exist: file:/home/truong/.m2/repository/org/liquibase/liquibase-core/4.5.0/snakeyaml-1.27.jar
[2022-04-11 21:51:47.047][INFO ][org.springframework.boot.logging.DeferredLog][restartedMain][255]Devtools property defaults active! Set 'spring.devtools.add-properties' to 'false' to disable
[2022-04-11 21:51:47.047][INFO ][org.springframework.boot.logging.DeferredLog][restartedMain][255]For additional web related logging consider setting the 'logging.level.web' property to 'DEBUG'
[2022-04-11 21:51:49.049][INFO ][org.springframework.boot.web.embedded.tomcat.TomcatWebServer][restartedMain][108]Tomcat initialized with port(s): 8080 (http)
[2022-04-11 21:51:49.049][INFO ][org.apache.juli.logging.DirectJDKLog][restartedMain][173]Initializing ProtocolHandler ["http-nio-8080"]
[2022-04-11 21:51:49.049][INFO ][org.apache.juli.logging.DirectJDKLog][restartedMain][173]Starting service [Tomcat]
[2022-04-11 21:51:49.049][INFO ][org.apache.juli.logging.DirectJDKLog][restartedMain][173]Starting Servlet engine: [Apache Tomcat/9.0.58]
[2022-04-11 21:51:49.049][INFO ][org.apache.juli.logging.DirectJDKLog][restartedMain][173]Initializing Spring embedded WebApplicationContext
[2022-04-11 21:51:49.049][INFO ][org.springframework.boot.web.servlet.context.ServletWebServerApplicationContext][restartedMain][290]Root WebApplicationContext: initialization completed in 1156 ms
[2022-04-11 21:51:49.049][WARN ][org.springframework.context.support.AbstractApplicationContext][restartedMain][591]Exception encountered during context initialization - cancelling refresh attempt: org.springframework.beans.factory.BeanCreationException: Error creating bean with name 'webSocketClient' defined in class path resource [com/price/config/WebSocketClientConfig.class]: Bean instantiation via factory method failed; nested exception is org.springframework.beans.BeanInstantiationException: Failed to instantiate [org.springframework.web.socket.client.WebSocketClient]: Factory method 'webSocketClient' threw exception; nested exception is java.lang.IllegalArgumentException: StompSessionHandler must not be null
[2022-04-11 21:51:49.049][INFO ][org.apache.juli.logging.DirectJDKLog][restartedMain][173]Stopping service [Tomcat]
[2022-04-11 21:51:49.049][INFO ][org.springframework.boot.autoconfigure.logging.ConditionEvaluationReportLoggingListener][restartedMain][136]

Error starting ApplicationContext. To display the conditions report re-run your application with 'debug' enabled.
[2022-04-11 21:51:49.049][ERROR][org.springframework.boot.SpringApplication][restartedMain][830]Application run failed
org.springframework.beans.factory.BeanCreationException: Error creating bean with name 'webSocketClient' defined in class path resource [com/price/config/WebSocketClientConfig.class]: Bean instantiation via factory method failed; nested exception is org.springframework.beans.BeanInstantiationException: Failed to instantiate [org.springframework.web.socket.client.WebSocketClient]: Factory method 'webSocketClient' threw exception; nested exception is java.lang.IllegalArgumentException: StompSessionHandler must not be null
	at org.springframework.beans.factory.support.ConstructorResolver.instantiate(ConstructorResolver.java:658)
	at org.springframework.beans.factory.support.ConstructorResolver.instantiateUsingFactoryMethod(ConstructorResolver.java:486)
	at org.springframework.beans.factory.support.AbstractAutowireCapableBeanFactory.instantiateUsingFactoryMethod(AbstractAutowireCapableBeanFactory.java:1352)
	at org.springframework.beans.factory.support.AbstractAutowireCapableBeanFactory.createBeanInstance(AbstractAutowireCapableBeanFactory.java:1195)
	at org.springframework.beans.factory.support.AbstractAutowireCapableBeanFactory.doCreateBean(AbstractAutowireCapableBeanFactory.java:582)
	at org.springframework.beans.factory.support.AbstractAutowireCapableBeanFactory.createBean(AbstractAutowireCapableBeanFactory.java:542)
	at org.springframework.beans.factory.support.AbstractBeanFactory.lambda$doGetBean$0(AbstractBeanFactory.java:335)
	at org.springframework.beans.factory.support.DefaultSingletonBeanRegistry.getSingleton(DefaultSingletonBeanRegistry.java:234)
	at org.springframework.beans.factory.support.AbstractBeanFactory.doGetBean(AbstractBeanFactory.java:333)
	at org.springframework.beans.factory.support.AbstractBeanFactory.getBean(AbstractBeanFactory.java:208)
	at org.springframework.beans.factory.support.DefaultListableBeanFactory.preInstantiateSingletons(DefaultListableBeanFactory.java:953)
	at org.springframework.context.support.AbstractApplicationContext.finishBeanFactoryInitialization(AbstractApplicationContext.java:918)
	at org.springframework.context.support.AbstractApplicationContext.refresh(AbstractApplicationContext.java:583)
	at org.springframework.boot.web.servlet.context.ServletWebServerApplicationContext.refresh(ServletWebServerApplicationContext.java:145)
	at org.springframework.boot.SpringApplication.refresh(SpringApplication.java:740)
	at org.springframework.boot.SpringApplication.refreshContext(SpringApplication.java:415)
	at org.springframework.boot.SpringApplication.run(SpringApplication.java:303)
	at org.springframework.boot.SpringApplication.run(SpringApplication.java:1312)
	at org.springframework.boot.SpringApplication.run(SpringApplication.java:1301)
	at com.price.Application.main(Application.java:12)
	at java.base/jdk.internal.reflect.NativeMethodAccessorImpl.invoke0(Native Method)
	at java.base/jdk.internal.reflect.NativeMethodAccessorImpl.invoke(NativeMethodAccessorImpl.java:77)
	at java.base/jdk.internal.reflect.DelegatingMethodAccessorImpl.invoke(DelegatingMethodAccessorImpl.java:43)
	at java.base/java.lang.reflect.Method.invoke(Method.java:568)
	at org.springframework.boot.devtools.restart.RestartLauncher.run(RestartLauncher.java:49)
Caused by: org.springframework.beans.BeanInstantiationException: Failed to instantiate [org.springframework.web.socket.client.WebSocketClient]: Factory method 'webSocketClient' threw exception; nested exception is java.lang.IllegalArgumentException: StompSessionHandler must not be null
	at org.springframework.beans.factory.support.SimpleInstantiationStrategy.instantiate(SimpleInstantiationStrategy.java:185)
	at org.springframework.beans.factory.support.ConstructorResolver.instantiate(ConstructorResolver.java:653)
	... 24 common frames omitted
Caused by: java.lang.IllegalArgumentException: StompSessionHandler must not be null
	at org.springframework.util.Assert.notNull(Assert.java:201)
	at org.springframework.messaging.simp.stomp.DefaultStompSession.<init>(DefaultStompSession.java:124)
	at org.springframework.messaging.simp.stomp.StompClientSupport.createSession(StompClientSupport.java:164)
	at org.springframework.web.socket.messaging.WebSocketStompClient.connect(WebSocketStompClient.java:267)
	at org.springframework.web.socket.messaging.WebSocketStompClient.connect(WebSocketStompClient.java:250)
	at org.springframework.web.socket.messaging.WebSocketStompClient.connect(WebSocketStompClient.java:230)
	at org.springframework.web.socket.messaging.WebSocketStompClient.connect(WebSocketStompClient.java:214)
	at com.price.config.WebSocketClientConfig.webSocketClient(WebSocketClientConfig.java:26)
	at com.price.config.WebSocketClientConfig$$EnhancerBySpringCGLIB$$bba7a659.CGLIB$webSocketClient$0(<generated>)
	at com.price.config.WebSocketClientConfig$$EnhancerBySpringCGLIB$$bba7a659$$FastClassBySpringCGLIB$$74cad54e.invoke(<generated>)
	at org.springframework.cglib.proxy.MethodProxy.invokeSuper(MethodProxy.java:244)
	at org.springframework.context.annotation.ConfigurationClassEnhancer$BeanMethodInterceptor.intercept(ConfigurationClassEnhancer.java:331)
	at com.price.config.WebSocketClientConfig$$EnhancerBySpringCGLIB$$bba7a659.webSocketClient(<generated>)
	at java.base/jdk.internal.reflect.NativeMethodAccessorImpl.invoke0(Native Method)
	at java.base/jdk.internal.reflect.NativeMethodAccessorImpl.invoke(NativeMethodAccessorImpl.java:77)
	at java.base/jdk.internal.reflect.DelegatingMethodAccessorImpl.invoke(DelegatingMethodAccessorImpl.java:43)
	at java.base/java.lang.reflect.Method.invoke(Method.java:568)
	at org.springframework.beans.factory.support.SimpleInstantiationStrategy.instantiate(SimpleInstantiationStrategy.java:154)
	... 25 common frames omitted
[2022-04-11 21:53:19.019][INFO ][org.springframework.boot.StartupInfoLogger][restartedMain][55]Starting Application using Java 17.0.1 on truong-Latitude-7480 with PID 35247 (/home/truong/Documents/crypto-exchanges/BE_crypto-price-service/target/classes started by truong in /home/truong/Documents/crypto-exchanges/BE_crypto-price-service)
[2022-04-11 21:53:19.019][INFO ][org.springframework.boot.SpringApplication][restartedMain][640]No active profile set, falling back to 1 default profile: "default"
[2022-04-11 21:53:20.020][INFO ][org.springframework.boot.logging.DeferredLog][restartedMain][255]The Class-Path manifest attribute in /home/truong/.m2/repository/org/liquibase/liquibase-core/4.5.0/liquibase-core-4.5.0.jar referenced one or more files that do not exist: file:/home/truong/.m2/repository/org/liquibase/liquibase-core/4.5.0/snakeyaml-1.27.jar
[2022-04-11 21:53:20.020][INFO ][org.springframework.boot.logging.DeferredLog][restartedMain][255]Devtools property defaults active! Set 'spring.devtools.add-properties' to 'false' to disable
[2022-04-11 21:53:20.020][INFO ][org.springframework.boot.logging.DeferredLog][restartedMain][255]For additional web related logging consider setting the 'logging.level.web' property to 'DEBUG'
[2022-04-11 21:53:20.020][INFO ][org.springframework.boot.web.embedded.tomcat.TomcatWebServer][restartedMain][108]Tomcat initialized with port(s): 8080 (http)
[2022-04-11 21:53:20.020][INFO ][org.apache.juli.logging.DirectJDKLog][restartedMain][173]Initializing ProtocolHandler ["http-nio-8080"]
[2022-04-11 21:53:20.020][INFO ][org.apache.juli.logging.DirectJDKLog][restartedMain][173]Starting service [Tomcat]
[2022-04-11 21:53:20.020][INFO ][org.apache.juli.logging.DirectJDKLog][restartedMain][173]Starting Servlet engine: [Apache Tomcat/9.0.58]
[2022-04-11 21:53:21.021][INFO ][org.apache.juli.logging.DirectJDKLog][restartedMain][173]Initializing Spring embedded WebApplicationContext
[2022-04-11 21:53:21.021][INFO ][org.springframework.boot.web.servlet.context.ServletWebServerApplicationContext][restartedMain][290]Root WebApplicationContext: initialization completed in 1016 ms
[2022-04-11 21:53:22.022][INFO ][org.springframework.boot.devtools.autoconfigure.OptionalLiveReloadServer][restartedMain][58]LiveReload server is running on port 35729
[2022-04-11 21:53:22.022][INFO ][org.apache.juli.logging.DirectJDKLog][restartedMain][173]Starting ProtocolHandler ["http-nio-8080"]
[2022-04-11 21:53:22.022][INFO ][org.springframework.boot.web.embedded.tomcat.TomcatWebServer][restartedMain][220]Tomcat started on port(s): 8080 (http) with context path ''
[2022-04-11 21:53:22.022][WARN ][org.springframework.context.support.AbstractApplicationContext][restartedMain][591]Exception encountered during context initialization - cancelling refresh attempt: org.springframework.context.ApplicationContextException: Failed to start bean 'subProtocolWebSocketHandler'; nested exception is java.lang.IllegalArgumentException: No handlers
[2022-04-11 21:53:22.022][INFO ][org.apache.juli.logging.DirectJDKLog][restartedMain][173]Pausing ProtocolHandler ["http-nio-8080"]
[2022-04-11 21:53:22.022][INFO ][org.apache.juli.logging.DirectJDKLog][restartedMain][173]Stopping service [Tomcat]
[2022-04-11 21:53:22.022][INFO ][org.apache.juli.logging.DirectJDKLog][restartedMain][173]Stopping ProtocolHandler ["http-nio-8080"]
[2022-04-11 21:53:22.022][INFO ][org.apache.juli.logging.DirectJDKLog][restartedMain][173]Destroying ProtocolHandler ["http-nio-8080"]
[2022-04-11 21:53:22.022][INFO ][org.springframework.boot.autoconfigure.logging.ConditionEvaluationReportLoggingListener][restartedMain][136]

Error starting ApplicationContext. To display the conditions report re-run your application with 'debug' enabled.
[2022-04-11 21:53:22.022][ERROR][org.springframework.boot.SpringApplication][restartedMain][830]Application run failed
org.springframework.context.ApplicationContextException: Failed to start bean 'subProtocolWebSocketHandler'; nested exception is java.lang.IllegalArgumentException: No handlers
	at org.springframework.context.support.DefaultLifecycleProcessor.doStart(DefaultLifecycleProcessor.java:181)
	at org.springframework.context.support.DefaultLifecycleProcessor.doStart(DefaultLifecycleProcessor.java:170)
	at org.springframework.context.support.DefaultLifecycleProcessor.access$200(DefaultLifecycleProcessor.java:54)
	at org.springframework.context.support.DefaultLifecycleProcessor$LifecycleGroup.start(DefaultLifecycleProcessor.java:356)
	at java.base/java.lang.Iterable.forEach(Iterable.java:75)
	at org.springframework.context.support.DefaultLifecycleProcessor.startBeans(DefaultLifecycleProcessor.java:155)
	at org.springframework.context.support.DefaultLifecycleProcessor.onRefresh(DefaultLifecycleProcessor.java:123)
	at org.springframework.context.support.AbstractApplicationContext.finishRefresh(AbstractApplicationContext.java:935)
	at org.springframework.context.support.AbstractApplicationContext.refresh(AbstractApplicationContext.java:586)
	at org.springframework.boot.web.servlet.context.ServletWebServerApplicationContext.refresh(ServletWebServerApplicationContext.java:145)
	at org.springframework.boot.SpringApplication.refresh(SpringApplication.java:740)
	at org.springframework.boot.SpringApplication.refreshContext(SpringApplication.java:415)
	at org.springframework.boot.SpringApplication.run(SpringApplication.java:303)
	at org.springframework.boot.SpringApplication.run(SpringApplication.java:1312)
	at org.springframework.boot.SpringApplication.run(SpringApplication.java:1301)
	at com.price.Application.main(Application.java:12)
	at java.base/jdk.internal.reflect.NativeMethodAccessorImpl.invoke0(Native Method)
	at java.base/jdk.internal.reflect.NativeMethodAccessorImpl.invoke(NativeMethodAccessorImpl.java:77)
	at java.base/jdk.internal.reflect.DelegatingMethodAccessorImpl.invoke(DelegatingMethodAccessorImpl.java:43)
	at java.base/java.lang.reflect.Method.invoke(Method.java:568)
	at org.springframework.boot.devtools.restart.RestartLauncher.run(RestartLauncher.java:49)
Caused by: java.lang.IllegalArgumentException: No handlers
	at org.springframework.util.Assert.isTrue(Assert.java:121)
	at org.springframework.web.socket.messaging.SubProtocolWebSocketHandler.start(SubProtocolWebSocketHandler.java:270)
	at org.springframework.context.support.DefaultLifecycleProcessor.doStart(DefaultLifecycleProcessor.java:178)
	... 20 common frames omitted
[2022-04-11 21:54:17.017][INFO ][org.springframework.boot.StartupInfoLogger][restartedMain][55]Starting Application using Java 17.0.1 on truong-Latitude-7480 with PID 35531 (/home/truong/Documents/crypto-exchanges/BE_crypto-price-service/target/classes started by truong in /home/truong/Documents/crypto-exchanges/BE_crypto-price-service)
[2022-04-11 21:54:17.017][INFO ][org.springframework.boot.SpringApplication][restartedMain][640]No active profile set, falling back to 1 default profile: "default"
[2022-04-11 21:54:17.017][INFO ][org.springframework.boot.logging.DeferredLog][restartedMain][255]The Class-Path manifest attribute in /home/truong/.m2/repository/org/liquibase/liquibase-core/4.5.0/liquibase-core-4.5.0.jar referenced one or more files that do not exist: file:/home/truong/.m2/repository/org/liquibase/liquibase-core/4.5.0/snakeyaml-1.27.jar
[2022-04-11 21:54:17.017][INFO ][org.springframework.boot.logging.DeferredLog][restartedMain][255]Devtools property defaults active! Set 'spring.devtools.add-properties' to 'false' to disable
[2022-04-11 21:54:17.017][INFO ][org.springframework.boot.logging.DeferredLog][restartedMain][255]For additional web related logging consider setting the 'logging.level.web' property to 'DEBUG'
[2022-04-11 21:54:18.018][INFO ][org.springframework.boot.web.embedded.tomcat.TomcatWebServer][restartedMain][108]Tomcat initialized with port(s): 8080 (http)
[2022-04-11 21:54:18.018][INFO ][org.apache.juli.logging.DirectJDKLog][restartedMain][173]Initializing ProtocolHandler ["http-nio-8080"]
[2022-04-11 21:54:18.018][INFO ][org.apache.juli.logging.DirectJDKLog][restartedMain][173]Starting service [Tomcat]
[2022-04-11 21:54:18.018][INFO ][org.apache.juli.logging.DirectJDKLog][restartedMain][173]Starting Servlet engine: [Apache Tomcat/9.0.58]
[2022-04-11 21:54:18.018][INFO ][org.apache.juli.logging.DirectJDKLog][restartedMain][173]Initializing Spring embedded WebApplicationContext
[2022-04-11 21:54:18.018][INFO ][org.springframework.boot.web.servlet.context.ServletWebServerApplicationContext][restartedMain][290]Root WebApplicationContext: initialization completed in 940 ms
[2022-04-11 21:54:19.019][INFO ][org.springframework.boot.devtools.autoconfigure.OptionalLiveReloadServer][restartedMain][58]LiveReload server is running on port 35729
[2022-04-11 21:54:19.019][INFO ][org.apache.juli.logging.DirectJDKLog][restartedMain][173]Starting ProtocolHandler ["http-nio-8080"]
[2022-04-11 21:54:19.019][INFO ][org.springframework.boot.web.embedded.tomcat.TomcatWebServer][restartedMain][220]Tomcat started on port(s): 8080 (http) with context path ''
[2022-04-11 21:54:19.019][WARN ][org.springframework.context.support.AbstractApplicationContext][restartedMain][591]Exception encountered during context initialization - cancelling refresh attempt: org.springframework.context.ApplicationContextException: Failed to start bean 'subProtocolWebSocketHandler'; nested exception is java.lang.IllegalArgumentException: No handlers
[2022-04-11 21:54:19.019][INFO ][org.apache.juli.logging.DirectJDKLog][restartedMain][173]Pausing ProtocolHandler ["http-nio-8080"]
[2022-04-11 21:54:19.019][INFO ][org.apache.juli.logging.DirectJDKLog][restartedMain][173]Stopping service [Tomcat]
[2022-04-11 21:54:19.019][INFO ][org.apache.juli.logging.DirectJDKLog][restartedMain][173]Stopping ProtocolHandler ["http-nio-8080"]
[2022-04-11 21:54:19.019][INFO ][org.apache.juli.logging.DirectJDKLog][restartedMain][173]Destroying ProtocolHandler ["http-nio-8080"]
[2022-04-11 21:54:19.019][INFO ][org.springframework.boot.autoconfigure.logging.ConditionEvaluationReportLoggingListener][restartedMain][136]

Error starting ApplicationContext. To display the conditions report re-run your application with 'debug' enabled.
[2022-04-11 21:54:19.019][ERROR][org.springframework.boot.SpringApplication][restartedMain][830]Application run failed
org.springframework.context.ApplicationContextException: Failed to start bean 'subProtocolWebSocketHandler'; nested exception is java.lang.IllegalArgumentException: No handlers
	at org.springframework.context.support.DefaultLifecycleProcessor.doStart(DefaultLifecycleProcessor.java:181)
	at org.springframework.context.support.DefaultLifecycleProcessor.doStart(DefaultLifecycleProcessor.java:170)
	at org.springframework.context.support.DefaultLifecycleProcessor.access$200(DefaultLifecycleProcessor.java:54)
	at org.springframework.context.support.DefaultLifecycleProcessor$LifecycleGroup.start(DefaultLifecycleProcessor.java:356)
	at java.base/java.lang.Iterable.forEach(Iterable.java:75)
	at org.springframework.context.support.DefaultLifecycleProcessor.startBeans(DefaultLifecycleProcessor.java:155)
	at org.springframework.context.support.DefaultLifecycleProcessor.onRefresh(DefaultLifecycleProcessor.java:123)
	at org.springframework.context.support.AbstractApplicationContext.finishRefresh(AbstractApplicationContext.java:935)
	at org.springframework.context.support.AbstractApplicationContext.refresh(AbstractApplicationContext.java:586)
	at org.springframework.boot.web.servlet.context.ServletWebServerApplicationContext.refresh(ServletWebServerApplicationContext.java:145)
	at org.springframework.boot.SpringApplication.refresh(SpringApplication.java:740)
	at org.springframework.boot.SpringApplication.refreshContext(SpringApplication.java:415)
	at org.springframework.boot.SpringApplication.run(SpringApplication.java:303)
	at org.springframework.boot.SpringApplication.run(SpringApplication.java:1312)
	at org.springframework.boot.SpringApplication.run(SpringApplication.java:1301)
	at com.price.Application.main(Application.java:12)
	at java.base/jdk.internal.reflect.NativeMethodAccessorImpl.invoke0(Native Method)
	at java.base/jdk.internal.reflect.NativeMethodAccessorImpl.invoke(NativeMethodAccessorImpl.java:77)
	at java.base/jdk.internal.reflect.DelegatingMethodAccessorImpl.invoke(DelegatingMethodAccessorImpl.java:43)
	at java.base/java.lang.reflect.Method.invoke(Method.java:568)
	at org.springframework.boot.devtools.restart.RestartLauncher.run(RestartLauncher.java:49)
Caused by: java.lang.IllegalArgumentException: No handlers
	at org.springframework.util.Assert.isTrue(Assert.java:121)
	at org.springframework.web.socket.messaging.SubProtocolWebSocketHandler.start(SubProtocolWebSocketHandler.java:270)
	at org.springframework.context.support.DefaultLifecycleProcessor.doStart(DefaultLifecycleProcessor.java:178)
	... 20 common frames omitted
[2022-04-11 21:54:34.034][INFO ][org.springframework.boot.StartupInfoLogger][restartedMain][55]Starting Application using Java 17.0.1 on truong-Latitude-7480 with PID 35726 (/home/truong/Documents/crypto-exchanges/BE_crypto-price-service/target/classes started by truong in /home/truong/Documents/crypto-exchanges/BE_crypto-price-service)
[2022-04-11 21:54:34.034][INFO ][org.springframework.boot.SpringApplication][restartedMain][640]No active profile set, falling back to 1 default profile: "default"
[2022-04-11 21:54:34.034][INFO ][org.springframework.boot.logging.DeferredLog][restartedMain][255]The Class-Path manifest attribute in /home/truong/.m2/repository/org/liquibase/liquibase-core/4.5.0/liquibase-core-4.5.0.jar referenced one or more files that do not exist: file:/home/truong/.m2/repository/org/liquibase/liquibase-core/4.5.0/snakeyaml-1.27.jar
[2022-04-11 21:54:34.034][INFO ][org.springframework.boot.logging.DeferredLog][restartedMain][255]Devtools property defaults active! Set 'spring.devtools.add-properties' to 'false' to disable
[2022-04-11 21:54:34.034][INFO ][org.springframework.boot.logging.DeferredLog][restartedMain][255]For additional web related logging consider setting the 'logging.level.web' property to 'DEBUG'
[2022-04-11 21:54:35.035][INFO ][org.springframework.boot.web.embedded.tomcat.TomcatWebServer][restartedMain][108]Tomcat initialized with port(s): 8080 (http)
[2022-04-11 21:54:35.035][INFO ][org.apache.juli.logging.DirectJDKLog][restartedMain][173]Initializing ProtocolHandler ["http-nio-8080"]
[2022-04-11 21:54:35.035][INFO ][org.apache.juli.logging.DirectJDKLog][restartedMain][173]Starting service [Tomcat]
[2022-04-11 21:54:35.035][INFO ][org.apache.juli.logging.DirectJDKLog][restartedMain][173]Starting Servlet engine: [Apache Tomcat/9.0.58]
[2022-04-11 21:54:35.035][INFO ][org.apache.juli.logging.DirectJDKLog][restartedMain][173]Initializing Spring embedded WebApplicationContext
[2022-04-11 21:54:35.035][INFO ][org.springframework.boot.web.servlet.context.ServletWebServerApplicationContext][restartedMain][290]Root WebApplicationContext: initialization completed in 1016 ms
[2022-04-11 21:58:58.058][INFO ][org.springframework.web.socket.config.WebSocketMessageBrokerStats][MessageBroker-1][128]WebSocketSession[0 current WS(0)-HttpStream(0)-HttpPoll(0), 0 total, 0 closed abnormally (0 connect failure, 0 send limit, 0 transport error)], stompSubProtocol[null], stompBrokerRelay[null], inboundChannel[pool size = 0, active threads = 0, queued tasks = 0, completed tasks = 0], outboundChannel[pool size = 0, active threads = 0, queued tasks = 0, completed tasks = 0], sockJsScheduler[pool size = 1, active threads = 1, queued tasks = 0, completed tasks = 0]
[2022-04-11 21:58:58.058][INFO ][org.springframework.boot.devtools.autoconfigure.OptionalLiveReloadServer][restartedMain][58]LiveReload server is running on port 35729
[2022-04-11 21:58:58.058][INFO ][org.apache.juli.logging.DirectJDKLog][restartedMain][173]Starting ProtocolHandler ["http-nio-8080"]
[2022-04-11 21:58:58.058][INFO ][org.springframework.boot.web.embedded.tomcat.TomcatWebServer][restartedMain][220]Tomcat started on port(s): 8080 (http) with context path ''
[2022-04-11 21:58:58.058][WARN ][org.springframework.context.support.AbstractApplicationContext][restartedMain][591]Exception encountered during context initialization - cancelling refresh attempt: org.springframework.context.ApplicationContextException: Failed to start bean 'subProtocolWebSocketHandler'; nested exception is java.lang.IllegalArgumentException: No handlers
[2022-04-11 21:58:58.058][INFO ][org.apache.juli.logging.DirectJDKLog][restartedMain][173]Pausing ProtocolHandler ["http-nio-8080"]
[2022-04-11 21:59:03.003][INFO ][org.springframework.boot.StartupInfoLogger][restartedMain][55]Starting Application using Java 17.0.1 on truong-Latitude-7480 with PID 37392 (/home/truong/Documents/crypto-exchanges/BE_crypto-price-service/target/classes started by truong in /home/truong/Documents/crypto-exchanges/BE_crypto-price-service)
[2022-04-11 21:59:03.003][INFO ][org.springframework.boot.SpringApplication][restartedMain][640]No active profile set, falling back to 1 default profile: "default"
[2022-04-11 21:59:03.003][INFO ][org.springframework.boot.logging.DeferredLog][restartedMain][255]The Class-Path manifest attribute in /home/truong/.m2/repository/org/liquibase/liquibase-core/4.5.0/liquibase-core-4.5.0.jar referenced one or more files that do not exist: file:/home/truong/.m2/repository/org/liquibase/liquibase-core/4.5.0/snakeyaml-1.27.jar
[2022-04-11 21:59:03.003][INFO ][org.springframework.boot.logging.DeferredLog][restartedMain][255]Devtools property defaults active! Set 'spring.devtools.add-properties' to 'false' to disable
[2022-04-11 21:59:03.003][INFO ][org.springframework.boot.logging.DeferredLog][restartedMain][255]For additional web related logging consider setting the 'logging.level.web' property to 'DEBUG'
[2022-04-11 21:59:04.004][INFO ][org.springframework.boot.web.embedded.tomcat.TomcatWebServer][restartedMain][108]Tomcat initialized with port(s): 8080 (http)
[2022-04-11 21:59:04.004][INFO ][org.apache.juli.logging.DirectJDKLog][restartedMain][173]Initializing ProtocolHandler ["http-nio-8080"]
[2022-04-11 21:59:04.004][INFO ][org.apache.juli.logging.DirectJDKLog][restartedMain][173]Starting service [Tomcat]
[2022-04-11 21:59:04.004][INFO ][org.apache.juli.logging.DirectJDKLog][restartedMain][173]Starting Servlet engine: [Apache Tomcat/9.0.58]
[2022-04-11 21:59:04.004][INFO ][org.apache.juli.logging.DirectJDKLog][restartedMain][173]Initializing Spring embedded WebApplicationContext
[2022-04-11 21:59:04.004][INFO ][org.springframework.boot.web.servlet.context.ServletWebServerApplicationContext][restartedMain][290]Root WebApplicationContext: initialization completed in 1100 ms
[2022-04-11 21:59:10.010][INFO ][org.springframework.boot.devtools.autoconfigure.OptionalLiveReloadServer][restartedMain][58]LiveReload server is running on port 35729
[2022-04-11 21:59:10.010][INFO ][org.apache.juli.logging.DirectJDKLog][restartedMain][173]Starting ProtocolHandler ["http-nio-8080"]
[2022-04-11 21:59:10.010][INFO ][org.springframework.boot.web.embedded.tomcat.TomcatWebServer][restartedMain][220]Tomcat started on port(s): 8080 (http) with context path ''
[2022-04-11 21:59:10.010][WARN ][org.springframework.context.support.AbstractApplicationContext][restartedMain][591]Exception encountered during context initialization - cancelling refresh attempt: org.springframework.context.ApplicationContextException: Failed to start bean 'subProtocolWebSocketHandler'; nested exception is java.lang.IllegalArgumentException: No handlers
[2022-04-11 21:59:10.010][INFO ][org.apache.juli.logging.DirectJDKLog][restartedMain][173]Pausing ProtocolHandler ["http-nio-8080"]
[2022-04-11 21:59:10.010][INFO ][org.apache.juli.logging.DirectJDKLog][restartedMain][173]Stopping service [Tomcat]
[2022-04-11 21:59:10.010][INFO ][org.apache.juli.logging.DirectJDKLog][restartedMain][173]Stopping ProtocolHandler ["http-nio-8080"]
[2022-04-11 21:59:10.010][INFO ][org.apache.juli.logging.DirectJDKLog][restartedMain][173]Destroying ProtocolHandler ["http-nio-8080"]
[2022-04-11 21:59:10.010][INFO ][org.springframework.boot.autoconfigure.logging.ConditionEvaluationReportLoggingListener][restartedMain][136]

Error starting ApplicationContext. To display the conditions report re-run your application with 'debug' enabled.
[2022-04-11 21:59:10.010][ERROR][org.springframework.boot.SpringApplication][restartedMain][830]Application run failed
org.springframework.context.ApplicationContextException: Failed to start bean 'subProtocolWebSocketHandler'; nested exception is java.lang.IllegalArgumentException: No handlers
	at org.springframework.context.support.DefaultLifecycleProcessor.doStart(DefaultLifecycleProcessor.java:181)
	at org.springframework.context.support.DefaultLifecycleProcessor.doStart(DefaultLifecycleProcessor.java:170)
	at org.springframework.context.support.DefaultLifecycleProcessor.access$200(DefaultLifecycleProcessor.java:54)
	at org.springframework.context.support.DefaultLifecycleProcessor$LifecycleGroup.start(DefaultLifecycleProcessor.java:356)
	at java.base/java.lang.Iterable.forEach(Iterable.java:75)
	at org.springframework.context.support.DefaultLifecycleProcessor.startBeans(DefaultLifecycleProcessor.java:155)
	at org.springframework.context.support.DefaultLifecycleProcessor.onRefresh(DefaultLifecycleProcessor.java:123)
	at org.springframework.context.support.AbstractApplicationContext.finishRefresh(AbstractApplicationContext.java:935)
	at org.springframework.context.support.AbstractApplicationContext.refresh(AbstractApplicationContext.java:586)
	at org.springframework.boot.web.servlet.context.ServletWebServerApplicationContext.refresh(ServletWebServerApplicationContext.java:145)
	at org.springframework.boot.SpringApplication.refresh(SpringApplication.java:740)
	at org.springframework.boot.SpringApplication.refreshContext(SpringApplication.java:415)
	at org.springframework.boot.SpringApplication.run(SpringApplication.java:303)
	at org.springframework.boot.SpringApplication.run(SpringApplication.java:1312)
	at org.springframework.boot.SpringApplication.run(SpringApplication.java:1301)
	at com.price.Application.main(Application.java:12)
	at java.base/jdk.internal.reflect.NativeMethodAccessorImpl.invoke0(Native Method)
	at java.base/jdk.internal.reflect.NativeMethodAccessorImpl.invoke(NativeMethodAccessorImpl.java:77)
	at java.base/jdk.internal.reflect.DelegatingMethodAccessorImpl.invoke(DelegatingMethodAccessorImpl.java:43)
	at java.base/java.lang.reflect.Method.invoke(Method.java:568)
	at org.springframework.boot.devtools.restart.RestartLauncher.run(RestartLauncher.java:49)
Caused by: java.lang.IllegalArgumentException: No handlers
	at org.springframework.util.Assert.isTrue(Assert.java:121)
	at org.springframework.web.socket.messaging.SubProtocolWebSocketHandler.start(SubProtocolWebSocketHandler.java:270)
	at org.springframework.context.support.DefaultLifecycleProcessor.doStart(DefaultLifecycleProcessor.java:178)
	... 20 common frames omitted
[2022-04-11 21:59:27.027][INFO ][org.springframework.boot.StartupInfoLogger][restartedMain][55]Starting Application using Java 17.0.1 on truong-Latitude-7480 with PID 37625 (/home/truong/Documents/crypto-exchanges/BE_crypto-price-service/target/classes started by truong in /home/truong/Documents/crypto-exchanges/BE_crypto-price-service)
[2022-04-11 21:59:27.027][INFO ][org.springframework.boot.SpringApplication][restartedMain][640]No active profile set, falling back to 1 default profile: "default"
[2022-04-11 21:59:27.027][INFO ][org.springframework.boot.logging.DeferredLog][restartedMain][255]The Class-Path manifest attribute in /home/truong/.m2/repository/org/liquibase/liquibase-core/4.5.0/liquibase-core-4.5.0.jar referenced one or more files that do not exist: file:/home/truong/.m2/repository/org/liquibase/liquibase-core/4.5.0/snakeyaml-1.27.jar
[2022-04-11 21:59:27.027][INFO ][org.springframework.boot.logging.DeferredLog][restartedMain][255]Devtools property defaults active! Set 'spring.devtools.add-properties' to 'false' to disable
[2022-04-11 21:59:27.027][INFO ][org.springframework.boot.logging.DeferredLog][restartedMain][255]For additional web related logging consider setting the 'logging.level.web' property to 'DEBUG'
[2022-04-11 21:59:28.028][INFO ][org.springframework.boot.web.embedded.tomcat.TomcatWebServer][restartedMain][108]Tomcat initialized with port(s): 8080 (http)
[2022-04-11 21:59:28.028][INFO ][org.apache.juli.logging.DirectJDKLog][restartedMain][173]Initializing ProtocolHandler ["http-nio-8080"]
[2022-04-11 21:59:28.028][INFO ][org.apache.juli.logging.DirectJDKLog][restartedMain][173]Starting service [Tomcat]
[2022-04-11 21:59:28.028][INFO ][org.apache.juli.logging.DirectJDKLog][restartedMain][173]Starting Servlet engine: [Apache Tomcat/9.0.58]
[2022-04-11 21:59:28.028][INFO ][org.apache.juli.logging.DirectJDKLog][restartedMain][173]Initializing Spring embedded WebApplicationContext
[2022-04-11 21:59:28.028][INFO ][org.springframework.boot.web.servlet.context.ServletWebServerApplicationContext][restartedMain][290]Root WebApplicationContext: initialization completed in 946 ms
[2022-04-11 21:59:29.029][INFO ][org.springframework.boot.devtools.autoconfigure.OptionalLiveReloadServer][restartedMain][58]LiveReload server is running on port 35729
[2022-04-11 21:59:29.029][INFO ][org.apache.juli.logging.DirectJDKLog][restartedMain][173]Starting ProtocolHandler ["http-nio-8080"]
[2022-04-11 21:59:29.029][INFO ][org.springframework.boot.web.embedded.tomcat.TomcatWebServer][restartedMain][220]Tomcat started on port(s): 8080 (http) with context path ''
[2022-04-11 21:59:29.029][WARN ][org.springframework.context.support.AbstractApplicationContext][restartedMain][591]Exception encountered during context initialization - cancelling refresh attempt: org.springframework.context.ApplicationContextException: Failed to start bean 'subProtocolWebSocketHandler'; nested exception is java.lang.IllegalArgumentException: No handlers
[2022-04-11 21:59:29.029][INFO ][org.apache.juli.logging.DirectJDKLog][restartedMain][173]Pausing ProtocolHandler ["http-nio-8080"]
[2022-04-11 21:59:29.029][INFO ][org.apache.juli.logging.DirectJDKLog][restartedMain][173]Stopping service [Tomcat]
[2022-04-11 21:59:29.029][INFO ][org.apache.juli.logging.DirectJDKLog][restartedMain][173]Stopping ProtocolHandler ["http-nio-8080"]
[2022-04-11 21:59:29.029][INFO ][org.apache.juli.logging.DirectJDKLog][restartedMain][173]Destroying ProtocolHandler ["http-nio-8080"]
[2022-04-11 21:59:29.029][INFO ][org.springframework.boot.autoconfigure.logging.ConditionEvaluationReportLoggingListener][restartedMain][136]

Error starting ApplicationContext. To display the conditions report re-run your application with 'debug' enabled.
[2022-04-11 21:59:29.029][ERROR][org.springframework.boot.SpringApplication][restartedMain][830]Application run failed
org.springframework.context.ApplicationContextException: Failed to start bean 'subProtocolWebSocketHandler'; nested exception is java.lang.IllegalArgumentException: No handlers
	at org.springframework.context.support.DefaultLifecycleProcessor.doStart(DefaultLifecycleProcessor.java:181)
	at org.springframework.context.support.DefaultLifecycleProcessor.doStart(DefaultLifecycleProcessor.java:170)
	at org.springframework.context.support.DefaultLifecycleProcessor.access$200(DefaultLifecycleProcessor.java:54)
	at org.springframework.context.support.DefaultLifecycleProcessor$LifecycleGroup.start(DefaultLifecycleProcessor.java:356)
	at java.base/java.lang.Iterable.forEach(Iterable.java:75)
	at org.springframework.context.support.DefaultLifecycleProcessor.startBeans(DefaultLifecycleProcessor.java:155)
	at org.springframework.context.support.DefaultLifecycleProcessor.onRefresh(DefaultLifecycleProcessor.java:123)
	at org.springframework.context.support.AbstractApplicationContext.finishRefresh(AbstractApplicationContext.java:935)
	at org.springframework.context.support.AbstractApplicationContext.refresh(AbstractApplicationContext.java:586)
	at org.springframework.boot.web.servlet.context.ServletWebServerApplicationContext.refresh(ServletWebServerApplicationContext.java:145)
	at org.springframework.boot.SpringApplication.refresh(SpringApplication.java:740)
	at org.springframework.boot.SpringApplication.refreshContext(SpringApplication.java:415)
	at org.springframework.boot.SpringApplication.run(SpringApplication.java:303)
	at org.springframework.boot.SpringApplication.run(SpringApplication.java:1312)
	at org.springframework.boot.SpringApplication.run(SpringApplication.java:1301)
	at com.price.Application.main(Application.java:12)
	at java.base/jdk.internal.reflect.NativeMethodAccessorImpl.invoke0(Native Method)
	at java.base/jdk.internal.reflect.NativeMethodAccessorImpl.invoke(NativeMethodAccessorImpl.java:77)
	at java.base/jdk.internal.reflect.DelegatingMethodAccessorImpl.invoke(DelegatingMethodAccessorImpl.java:43)
	at java.base/java.lang.reflect.Method.invoke(Method.java:568)
	at org.springframework.boot.devtools.restart.RestartLauncher.run(RestartLauncher.java:49)
Caused by: java.lang.IllegalArgumentException: No handlers
	at org.springframework.util.Assert.isTrue(Assert.java:121)
	at org.springframework.web.socket.messaging.SubProtocolWebSocketHandler.start(SubProtocolWebSocketHandler.java:270)
	at org.springframework.context.support.DefaultLifecycleProcessor.doStart(DefaultLifecycleProcessor.java:178)
	... 20 common frames omitted
[2022-04-11 22:03:01.001][INFO ][org.springframework.boot.StartupInfoLogger][restartedMain][55]Starting Application using Java 17.0.1 on truong-Latitude-7480 with PID 38518 (/home/truong/Documents/crypto-exchanges/BE_crypto-price-service/target/classes started by truong in /home/truong/Documents/crypto-exchanges/BE_crypto-price-service)
[2022-04-11 22:03:01.001][INFO ][org.springframework.boot.SpringApplication][restartedMain][640]No active profile set, falling back to 1 default profile: "default"
[2022-04-11 22:03:01.001][INFO ][org.springframework.boot.logging.DeferredLog][restartedMain][255]The Class-Path manifest attribute in /home/truong/.m2/repository/org/liquibase/liquibase-core/4.5.0/liquibase-core-4.5.0.jar referenced one or more files that do not exist: file:/home/truong/.m2/repository/org/liquibase/liquibase-core/4.5.0/snakeyaml-1.27.jar
[2022-04-11 22:03:01.001][INFO ][org.springframework.boot.logging.DeferredLog][restartedMain][255]Devtools property defaults active! Set 'spring.devtools.add-properties' to 'false' to disable
[2022-04-11 22:03:01.001][INFO ][org.springframework.boot.logging.DeferredLog][restartedMain][255]For additional web related logging consider setting the 'logging.level.web' property to 'DEBUG'
[2022-04-11 22:03:03.003][INFO ][org.springframework.boot.web.embedded.tomcat.TomcatWebServer][restartedMain][108]Tomcat initialized with port(s): 8080 (http)
[2022-04-11 22:03:03.003][INFO ][org.apache.juli.logging.DirectJDKLog][restartedMain][173]Initializing ProtocolHandler ["http-nio-8080"]
[2022-04-11 22:03:03.003][INFO ][org.apache.juli.logging.DirectJDKLog][restartedMain][173]Starting service [Tomcat]
[2022-04-11 22:03:03.003][INFO ][org.apache.juli.logging.DirectJDKLog][restartedMain][173]Starting Servlet engine: [Apache Tomcat/9.0.58]
[2022-04-11 22:03:03.003][INFO ][org.apache.juli.logging.DirectJDKLog][restartedMain][173]Initializing Spring embedded WebApplicationContext
[2022-04-11 22:03:03.003][INFO ][org.springframework.boot.web.servlet.context.ServletWebServerApplicationContext][restartedMain][290]Root WebApplicationContext: initialization completed in 1114 ms
[2022-04-11 22:03:03.003][INFO ][org.springframework.boot.devtools.autoconfigure.OptionalLiveReloadServer][restartedMain][58]LiveReload server is running on port 35729
[2022-04-11 22:03:03.003][INFO ][org.apache.juli.logging.DirectJDKLog][restartedMain][173]Starting ProtocolHandler ["http-nio-8080"]
[2022-04-11 22:03:03.003][INFO ][org.springframework.boot.web.embedded.tomcat.TomcatWebServer][restartedMain][220]Tomcat started on port(s): 8080 (http) with context path ''
[2022-04-11 22:03:03.003][WARN ][org.springframework.context.support.AbstractApplicationContext][restartedMain][591]Exception encountered during context initialization - cancelling refresh attempt: org.springframework.context.ApplicationContextException: Failed to start bean 'subProtocolWebSocketHandler'; nested exception is java.lang.IllegalArgumentException: No handlers
[2022-04-11 22:03:03.003][INFO ][org.apache.juli.logging.DirectJDKLog][restartedMain][173]Pausing ProtocolHandler ["http-nio-8080"]
[2022-04-11 22:03:03.003][INFO ][org.apache.juli.logging.DirectJDKLog][restartedMain][173]Stopping service [Tomcat]
[2022-04-11 22:03:03.003][INFO ][org.apache.juli.logging.DirectJDKLog][restartedMain][173]Stopping ProtocolHandler ["http-nio-8080"]
[2022-04-11 22:03:03.003][INFO ][org.apache.juli.logging.DirectJDKLog][restartedMain][173]Destroying ProtocolHandler ["http-nio-8080"]
[2022-04-11 22:03:03.003][INFO ][org.springframework.boot.autoconfigure.logging.ConditionEvaluationReportLoggingListener][restartedMain][136]

Error starting ApplicationContext. To display the conditions report re-run your application with 'debug' enabled.
[2022-04-11 22:03:03.003][ERROR][org.springframework.boot.SpringApplication][restartedMain][830]Application run failed
org.springframework.context.ApplicationContextException: Failed to start bean 'subProtocolWebSocketHandler'; nested exception is java.lang.IllegalArgumentException: No handlers
	at org.springframework.context.support.DefaultLifecycleProcessor.doStart(DefaultLifecycleProcessor.java:181)
	at org.springframework.context.support.DefaultLifecycleProcessor.doStart(DefaultLifecycleProcessor.java:170)
	at org.springframework.context.support.DefaultLifecycleProcessor.access$200(DefaultLifecycleProcessor.java:54)
	at org.springframework.context.support.DefaultLifecycleProcessor$LifecycleGroup.start(DefaultLifecycleProcessor.java:356)
	at java.base/java.lang.Iterable.forEach(Iterable.java:75)
	at org.springframework.context.support.DefaultLifecycleProcessor.startBeans(DefaultLifecycleProcessor.java:155)
	at org.springframework.context.support.DefaultLifecycleProcessor.onRefresh(DefaultLifecycleProcessor.java:123)
	at org.springframework.context.support.AbstractApplicationContext.finishRefresh(AbstractApplicationContext.java:935)
	at org.springframework.context.support.AbstractApplicationContext.refresh(AbstractApplicationContext.java:586)
	at org.springframework.boot.web.servlet.context.ServletWebServerApplicationContext.refresh(ServletWebServerApplicationContext.java:145)
	at org.springframework.boot.SpringApplication.refresh(SpringApplication.java:740)
	at org.springframework.boot.SpringApplication.refreshContext(SpringApplication.java:415)
	at org.springframework.boot.SpringApplication.run(SpringApplication.java:303)
	at org.springframework.boot.SpringApplication.run(SpringApplication.java:1312)
	at org.springframework.boot.SpringApplication.run(SpringApplication.java:1301)
	at com.price.Application.main(Application.java:12)
	at java.base/jdk.internal.reflect.NativeMethodAccessorImpl.invoke0(Native Method)
	at java.base/jdk.internal.reflect.NativeMethodAccessorImpl.invoke(NativeMethodAccessorImpl.java:77)
	at java.base/jdk.internal.reflect.DelegatingMethodAccessorImpl.invoke(DelegatingMethodAccessorImpl.java:43)
	at java.base/java.lang.reflect.Method.invoke(Method.java:568)
	at org.springframework.boot.devtools.restart.RestartLauncher.run(RestartLauncher.java:49)
Caused by: java.lang.IllegalArgumentException: No handlers
	at org.springframework.util.Assert.isTrue(Assert.java:121)
	at org.springframework.web.socket.messaging.SubProtocolWebSocketHandler.start(SubProtocolWebSocketHandler.java:270)
	at org.springframework.context.support.DefaultLifecycleProcessor.doStart(DefaultLifecycleProcessor.java:178)
	... 20 common frames omitted
[2022-04-11 22:03:56.056][INFO ][org.springframework.boot.StartupInfoLogger][restartedMain][55]Starting Application using Java 17.0.1 on truong-Latitude-7480 with PID 38921 (/home/truong/Documents/crypto-exchanges/BE_crypto-price-service/target/classes started by truong in /home/truong/Documents/crypto-exchanges/BE_crypto-price-service)
[2022-04-11 22:03:56.056][INFO ][org.springframework.boot.SpringApplication][restartedMain][640]No active profile set, falling back to 1 default profile: "default"
[2022-04-11 22:03:56.056][INFO ][org.springframework.boot.logging.DeferredLog][restartedMain][255]The Class-Path manifest attribute in /home/truong/.m2/repository/org/liquibase/liquibase-core/4.5.0/liquibase-core-4.5.0.jar referenced one or more files that do not exist: file:/home/truong/.m2/repository/org/liquibase/liquibase-core/4.5.0/snakeyaml-1.27.jar
[2022-04-11 22:03:56.056][INFO ][org.springframework.boot.logging.DeferredLog][restartedMain][255]Devtools property defaults active! Set 'spring.devtools.add-properties' to 'false' to disable
[2022-04-11 22:03:56.056][INFO ][org.springframework.boot.logging.DeferredLog][restartedMain][255]For additional web related logging consider setting the 'logging.level.web' property to 'DEBUG'
[2022-04-11 22:03:57.057][INFO ][org.springframework.boot.web.embedded.tomcat.TomcatWebServer][restartedMain][108]Tomcat initialized with port(s): 8080 (http)
[2022-04-11 22:03:57.057][INFO ][org.apache.juli.logging.DirectJDKLog][restartedMain][173]Initializing ProtocolHandler ["http-nio-8080"]
[2022-04-11 22:03:57.057][INFO ][org.apache.juli.logging.DirectJDKLog][restartedMain][173]Starting service [Tomcat]
[2022-04-11 22:03:57.057][INFO ][org.apache.juli.logging.DirectJDKLog][restartedMain][173]Starting Servlet engine: [Apache Tomcat/9.0.58]
[2022-04-11 22:03:57.057][INFO ][org.apache.juli.logging.DirectJDKLog][restartedMain][173]Initializing Spring embedded WebApplicationContext
[2022-04-11 22:03:57.057][INFO ][org.springframework.boot.web.servlet.context.ServletWebServerApplicationContext][restartedMain][290]Root WebApplicationContext: initialization completed in 900 ms
[2022-04-11 22:03:58.058][INFO ][org.springframework.boot.devtools.autoconfigure.OptionalLiveReloadServer][restartedMain][58]LiveReload server is running on port 35729
[2022-04-11 22:03:58.058][INFO ][org.apache.juli.logging.DirectJDKLog][restartedMain][173]Starting ProtocolHandler ["http-nio-8080"]
[2022-04-11 22:03:58.058][INFO ][org.springframework.boot.web.embedded.tomcat.TomcatWebServer][restartedMain][220]Tomcat started on port(s): 8080 (http) with context path ''
[2022-04-11 22:03:58.058][INFO ][org.springframework.boot.StartupInfoLogger][restartedMain][61]Started Application in 2.319 seconds (JVM running for 3.09)
[2022-04-11 22:06:30.030][INFO ][org.springframework.boot.StartupInfoLogger][restartedMain][55]Starting Application using Java 17.0.1 on truong-Latitude-7480 with PID 39508 (/home/truong/Documents/crypto-exchanges/BE_crypto-price-service/target/classes started by truong in /home/truong/Documents/crypto-exchanges/BE_crypto-price-service)
[2022-04-11 22:06:30.030][INFO ][org.springframework.boot.SpringApplication][restartedMain][640]No active profile set, falling back to 1 default profile: "default"
[2022-04-11 22:06:30.030][INFO ][org.springframework.boot.logging.DeferredLog][restartedMain][255]The Class-Path manifest attribute in /home/truong/.m2/repository/org/liquibase/liquibase-core/4.5.0/liquibase-core-4.5.0.jar referenced one or more files that do not exist: file:/home/truong/.m2/repository/org/liquibase/liquibase-core/4.5.0/snakeyaml-1.27.jar
[2022-04-11 22:06:30.030][INFO ][org.springframework.boot.logging.DeferredLog][restartedMain][255]Devtools property defaults active! Set 'spring.devtools.add-properties' to 'false' to disable
[2022-04-11 22:06:30.030][INFO ][org.springframework.boot.logging.DeferredLog][restartedMain][255]For additional web related logging consider setting the 'logging.level.web' property to 'DEBUG'
[2022-04-11 22:06:31.031][INFO ][org.springframework.boot.web.embedded.tomcat.TomcatWebServer][restartedMain][108]Tomcat initialized with port(s): 8080 (http)
[2022-04-11 22:06:31.031][INFO ][org.apache.juli.logging.DirectJDKLog][restartedMain][173]Initializing ProtocolHandler ["http-nio-8080"]
[2022-04-11 22:06:31.031][INFO ][org.apache.juli.logging.DirectJDKLog][restartedMain][173]Starting service [Tomcat]
[2022-04-11 22:06:31.031][INFO ][org.apache.juli.logging.DirectJDKLog][restartedMain][173]Starting Servlet engine: [Apache Tomcat/9.0.58]
[2022-04-11 22:06:31.031][INFO ][org.apache.juli.logging.DirectJDKLog][restartedMain][173]Initializing Spring embedded WebApplicationContext
[2022-04-11 22:06:31.031][INFO ][org.springframework.boot.web.servlet.context.ServletWebServerApplicationContext][restartedMain][290]Root WebApplicationContext: initialization completed in 961 ms
[2022-04-11 22:06:32.032][INFO ][org.springframework.boot.devtools.autoconfigure.OptionalLiveReloadServer][restartedMain][58]LiveReload server is running on port 35729
[2022-04-11 22:06:32.032][INFO ][org.apache.juli.logging.DirectJDKLog][restartedMain][173]Starting ProtocolHandler ["http-nio-8080"]
[2022-04-11 22:06:32.032][INFO ][org.springframework.boot.web.embedded.tomcat.TomcatWebServer][restartedMain][220]Tomcat started on port(s): 8080 (http) with context path ''
[2022-04-11 22:06:32.032][INFO ][org.springframework.boot.StartupInfoLogger][restartedMain][61]Started Application in 2.614 seconds (JVM running for 3.984)
