[2022-03-30 15:04:51.051][INFO ][org.springframework.boot.StartupInfoLogger][restartedMain][55]Starting Application using Java 17.0.1 on truong-Latitude-7480 with PID 9713 (/home/truong/Documents/crypto-exchanges/BE_crypto-price-service/target/classes started by truong in /home/truong/Documents/crypto-exchanges/BE_crypto-price-service)
[2022-03-30 15:04:51.051][INFO ][org.springframework.boot.SpringApplication][restartedMain][640]No active profile set, falling back to 1 default profile: "default"
[2022-03-30 15:04:51.051][INFO ][org.springframework.boot.logging.DeferredLog][restartedMain][255]The Class-Path manifest attribute in /home/truong/.m2/repository/org/liquibase/liquibase-core/4.5.0/liquibase-core-4.5.0.jar referenced one or more files that do not exist: file:/home/truong/.m2/repository/org/liquibase/liquibase-core/4.5.0/snakeyaml-1.27.jar
[2022-03-30 15:04:51.051][INFO ][org.springframework.boot.logging.DeferredLog][restartedMain][255]Devtools property defaults active! Set 'spring.devtools.add-properties' to 'false' to disable
[2022-03-30 15:04:51.051][INFO ][org.springframework.boot.logging.DeferredLog][restartedMain][255]For additional web related logging consider setting the 'logging.level.web' property to 'DEBUG'
[2022-03-30 15:04:52.052][INFO ][org.springframework.boot.web.embedded.tomcat.TomcatWebServer][restartedMain][108]Tomcat initialized with port(s): 8080 (http)
[2022-03-30 15:04:52.052][INFO ][org.apache.juli.logging.DirectJDKLog][restartedMain][173]Initializing ProtocolHandler ["http-nio-8080"]
[2022-03-30 15:04:52.052][INFO ][org.apache.juli.logging.DirectJDKLog][restartedMain][173]Starting service [Tomcat]
[2022-03-30 15:04:52.052][INFO ][org.apache.juli.logging.DirectJDKLog][restartedMain][173]Starting Servlet engine: [Apache Tomcat/9.0.58]
[2022-03-30 15:04:52.052][INFO ][org.apache.juli.logging.DirectJDKLog][restartedMain][173]Initializing Spring embedded WebApplicationContext
[2022-03-30 15:04:52.052][INFO ][org.springframework.boot.web.servlet.context.ServletWebServerApplicationContext][restartedMain][290]Root WebApplicationContext: initialization completed in 1568 ms
[2022-03-30 15:04:52.052][WARN ][org.springframework.context.support.AbstractApplicationContext][restartedMain][591]Exception encountered during context initialization - cancelling refresh attempt: org.springframework.beans.factory.BeanCreationException: Error creating bean with name 'cryptoPriceWorker' defined in file [/home/truong/Documents/crypto-exchanges/BE_crypto-price-service/target/classes/com/price/CryptoPriceWorker.class]: Initialization of bean failed; nested exception is java.lang.IllegalStateException: Encountered invalid @Scheduled method 'updatePrice': Exactly one of the 'cron', 'fixedDelay(String)', or 'fixedRate(String)' attributes is required
[2022-03-30 15:04:52.052][INFO ][org.apache.juli.logging.DirectJDKLog][restartedMain][173]Stopping service [Tomcat]
[2022-03-30 15:04:52.052][INFO ][org.springframework.boot.autoconfigure.logging.ConditionEvaluationReportLoggingListener][restartedMain][136]

Error starting ApplicationContext. To display the conditions report re-run your application with 'debug' enabled.
[2022-03-30 15:04:52.052][ERROR][org.springframework.boot.SpringApplication][restartedMain][830]Application run failed
org.springframework.beans.factory.BeanCreationException: Error creating bean with name 'cryptoPriceWorker' defined in file [/home/truong/Documents/crypto-exchanges/BE_crypto-price-service/target/classes/com/price/CryptoPriceWorker.class]: Initialization of bean failed; nested exception is java.lang.IllegalStateException: Encountered invalid @Scheduled method 'updatePrice': Exactly one of the 'cron', 'fixedDelay(String)', or 'fixedRate(String)' attributes is required
	at org.springframework.beans.factory.support.AbstractAutowireCapableBeanFactory.doCreateBean(AbstractAutowireCapableBeanFactory.java:628)
	at org.springframework.beans.factory.support.AbstractAutowireCapableBeanFactory.createBean(AbstractAutowireCapableBeanFactory.java:542)
	at org.springframework.beans.factory.support.AbstractBeanFactory.lambda$doGetBean$0(AbstractBeanFactory.java:335)
	at org.springframework.beans.factory.support.DefaultSingletonBeanRegistry.getSingleton(DefaultSingletonBeanRegistry.java:234)
	at org.springframework.beans.factory.support.AbstractBeanFactory.doGetBean(AbstractBeanFactory.java:333)
	at org.springframework.beans.factory.support.AbstractBeanFactory.getBean(AbstractBeanFactory.java:208)
	at org.springframework.beans.factory.support.DefaultListableBeanFactory.preInstantiateSingletons(DefaultListableBeanFactory.java:953)
	at org.springframework.context.support.AbstractApplicationContext.finishBeanFactoryInitialization(AbstractApplicationContext.java:918)
	at org.springframework.context.support.AbstractApplicationContext.refresh(AbstractApplicationContext.java:583)
	at org.springframework.boot.web.servlet.context.ServletWebServerApplicationContext.refresh(ServletWebServerApplicationContext.java:145)
	at org.springframework.boot.SpringApplication.refresh(SpringApplication.java:740)
	at org.springframework.boot.SpringApplication.refreshContext(SpringApplication.java:415)
	at org.springframework.boot.SpringApplication.run(SpringApplication.java:303)
	at org.springframework.boot.SpringApplication.run(SpringApplication.java:1312)
	at org.springframework.boot.SpringApplication.run(SpringApplication.java:1301)
	at com.price.Application.main(Application.java:23)
	at java.base/jdk.internal.reflect.NativeMethodAccessorImpl.invoke0(Native Method)
	at java.base/jdk.internal.reflect.NativeMethodAccessorImpl.invoke(NativeMethodAccessorImpl.java:77)
	at java.base/jdk.internal.reflect.DelegatingMethodAccessorImpl.invoke(DelegatingMethodAccessorImpl.java:43)
	at java.base/java.lang.reflect.Method.invoke(Method.java:568)
	at org.springframework.boot.devtools.restart.RestartLauncher.run(RestartLauncher.java:49)
Caused by: java.lang.IllegalStateException: Encountered invalid @Scheduled method 'updatePrice': Exactly one of the 'cron', 'fixedDelay(String)', or 'fixedRate(String)' attributes is required
	at org.springframework.scheduling.annotation.ScheduledAnnotationBeanPostProcessor.processScheduled(ScheduledAnnotationBeanPostProcessor.java:518)
	at org.springframework.scheduling.annotation.ScheduledAnnotationBeanPostProcessor.lambda$null$1(ScheduledAnnotationBeanPostProcessor.java:380)
	at java.base/java.lang.Iterable.forEach(Iterable.java:75)
	at org.springframework.scheduling.annotation.ScheduledAnnotationBeanPostProcessor.lambda$postProcessAfterInitialization$2(ScheduledAnnotationBeanPostProcessor.java:380)
	at java.base/java.util.LinkedHashMap.forEach(LinkedHashMap.java:721)
	at org.springframework.scheduling.annotation.ScheduledAnnotationBeanPostProcessor.postProcessAfterInitialization(ScheduledAnnotationBeanPostProcessor.java:379)
	at org.springframework.beans.factory.support.AbstractAutowireCapableBeanFactory.applyBeanPostProcessorsAfterInitialization(AbstractAutowireCapableBeanFactory.java:455)
	at org.springframework.beans.factory.support.AbstractAutowireCapableBeanFactory.initializeBean(AbstractAutowireCapableBeanFactory.java:1808)
	at org.springframework.beans.factory.support.AbstractAutowireCapableBeanFactory.doCreateBean(AbstractAutowireCapableBeanFactory.java:620)
	... 20 common frames omitted
[2022-03-30 15:05:47.047][INFO ][org.springframework.boot.StartupInfoLogger][restartedMain][55]Starting Application using Java 17.0.1 on truong-Latitude-7480 with PID 9915 (/home/truong/Documents/crypto-exchanges/BE_crypto-price-service/target/classes started by truong in /home/truong/Documents/crypto-exchanges/BE_crypto-price-service)
[2022-03-30 15:05:47.047][INFO ][org.springframework.boot.SpringApplication][restartedMain][640]No active profile set, falling back to 1 default profile: "default"
[2022-03-30 15:05:47.047][INFO ][org.springframework.boot.logging.DeferredLog][restartedMain][255]The Class-Path manifest attribute in /home/truong/.m2/repository/org/liquibase/liquibase-core/4.5.0/liquibase-core-4.5.0.jar referenced one or more files that do not exist: file:/home/truong/.m2/repository/org/liquibase/liquibase-core/4.5.0/snakeyaml-1.27.jar
[2022-03-30 15:05:47.047][INFO ][org.springframework.boot.logging.DeferredLog][restartedMain][255]Devtools property defaults active! Set 'spring.devtools.add-properties' to 'false' to disable
[2022-03-30 15:05:47.047][INFO ][org.springframework.boot.logging.DeferredLog][restartedMain][255]For additional web related logging consider setting the 'logging.level.web' property to 'DEBUG'
[2022-03-30 15:05:49.049][INFO ][org.springframework.boot.web.embedded.tomcat.TomcatWebServer][restartedMain][108]Tomcat initialized with port(s): 8080 (http)
[2022-03-30 15:05:49.049][INFO ][org.apache.juli.logging.DirectJDKLog][restartedMain][173]Initializing ProtocolHandler ["http-nio-8080"]
[2022-03-30 15:05:49.049][INFO ][org.apache.juli.logging.DirectJDKLog][restartedMain][173]Starting service [Tomcat]
[2022-03-30 15:05:49.049][INFO ][org.apache.juli.logging.DirectJDKLog][restartedMain][173]Starting Servlet engine: [Apache Tomcat/9.0.58]
[2022-03-30 15:05:49.049][INFO ][org.apache.juli.logging.DirectJDKLog][restartedMain][173]Initializing Spring embedded WebApplicationContext
[2022-03-30 15:05:49.049][INFO ][org.springframework.boot.web.servlet.context.ServletWebServerApplicationContext][restartedMain][290]Root WebApplicationContext: initialization completed in 1347 ms
[2022-03-30 15:05:50.050][INFO ][org.springframework.boot.devtools.autoconfigure.OptionalLiveReloadServer][restartedMain][58]LiveReload server is running on port 35729
[2022-03-30 15:05:50.050][INFO ][org.apache.juli.logging.DirectJDKLog][restartedMain][173]Starting ProtocolHandler ["http-nio-8080"]
[2022-03-30 15:05:50.050][INFO ][org.springframework.boot.web.embedded.tomcat.TomcatWebServer][restartedMain][220]Tomcat started on port(s): 8080 (http) with context path ''
[2022-03-30 15:05:50.050][INFO ][org.springframework.boot.StartupInfoLogger][restartedMain][61]Started Application in 3.772 seconds (JVM running for 4.496)
[2022-03-30 15:23:15.015][INFO ][org.springframework.boot.StartupInfoLogger][restartedMain][55]Starting Application using Java 17.0.1 on truong-Latitude-7480 with PID 13481 (/home/truong/Documents/crypto-exchanges/BE_crypto-price-service/target/classes started by truong in /home/truong/Documents/crypto-exchanges/BE_crypto-price-service)
[2022-03-30 15:23:15.015][INFO ][org.springframework.boot.SpringApplication][restartedMain][640]No active profile set, falling back to 1 default profile: "default"
[2022-03-30 15:23:15.015][INFO ][org.springframework.boot.logging.DeferredLog][restartedMain][255]The Class-Path manifest attribute in /home/truong/.m2/repository/org/liquibase/liquibase-core/4.5.0/liquibase-core-4.5.0.jar referenced one or more files that do not exist: file:/home/truong/.m2/repository/org/liquibase/liquibase-core/4.5.0/snakeyaml-1.27.jar
[2022-03-30 15:23:15.015][INFO ][org.springframework.boot.logging.DeferredLog][restartedMain][255]Devtools property defaults active! Set 'spring.devtools.add-properties' to 'false' to disable
[2022-03-30 15:23:15.015][INFO ][org.springframework.boot.logging.DeferredLog][restartedMain][255]For additional web related logging consider setting the 'logging.level.web' property to 'DEBUG'
[2022-03-30 15:23:16.016][INFO ][org.springframework.boot.web.embedded.tomcat.TomcatWebServer][restartedMain][108]Tomcat initialized with port(s): 8080 (http)
[2022-03-30 15:23:16.016][INFO ][org.apache.juli.logging.DirectJDKLog][restartedMain][173]Initializing ProtocolHandler ["http-nio-8080"]
[2022-03-30 15:23:16.016][INFO ][org.apache.juli.logging.DirectJDKLog][restartedMain][173]Starting service [Tomcat]
[2022-03-30 15:23:16.016][INFO ][org.apache.juli.logging.DirectJDKLog][restartedMain][173]Starting Servlet engine: [Apache Tomcat/9.0.58]
[2022-03-30 15:23:17.017][INFO ][org.apache.juli.logging.DirectJDKLog][restartedMain][173]Initializing Spring embedded WebApplicationContext
[2022-03-30 15:23:17.017][INFO ][org.springframework.boot.web.servlet.context.ServletWebServerApplicationContext][restartedMain][290]Root WebApplicationContext: initialization completed in 1334 ms
[2022-03-30 15:23:18.018][INFO ][org.springframework.boot.devtools.autoconfigure.OptionalLiveReloadServer][restartedMain][58]LiveReload server is running on port 35729
[2022-03-30 15:23:18.018][INFO ][org.apache.juli.logging.DirectJDKLog][restartedMain][173]Starting ProtocolHandler ["http-nio-8080"]
[2022-03-30 15:23:18.018][INFO ][org.springframework.boot.web.embedded.tomcat.TomcatWebServer][restartedMain][220]Tomcat started on port(s): 8080 (http) with context path ''
[2022-03-30 15:23:18.018][INFO ][org.springframework.boot.StartupInfoLogger][restartedMain][61]Started Application in 3.533 seconds (JVM running for 4.239)
[2022-03-30 15:23:39.039][INFO ][org.springframework.boot.StartupInfoLogger][restartedMain][55]Starting Application using Java 17.0.1 on truong-Latitude-7480 with PID 13689 (/home/truong/Documents/crypto-exchanges/BE_crypto-price-service/target/classes started by truong in /home/truong/Documents/crypto-exchanges/BE_crypto-price-service)
[2022-03-30 15:23:39.039][INFO ][org.springframework.boot.SpringApplication][restartedMain][640]No active profile set, falling back to 1 default profile: "default"
[2022-03-30 15:23:39.039][INFO ][org.springframework.boot.logging.DeferredLog][restartedMain][255]The Class-Path manifest attribute in /home/truong/.m2/repository/org/liquibase/liquibase-core/4.5.0/liquibase-core-4.5.0.jar referenced one or more files that do not exist: file:/home/truong/.m2/repository/org/liquibase/liquibase-core/4.5.0/snakeyaml-1.27.jar
[2022-03-30 15:23:39.039][INFO ][org.springframework.boot.logging.DeferredLog][restartedMain][255]Devtools property defaults active! Set 'spring.devtools.add-properties' to 'false' to disable
[2022-03-30 15:23:39.039][INFO ][org.springframework.boot.logging.DeferredLog][restartedMain][255]For additional web related logging consider setting the 'logging.level.web' property to 'DEBUG'
[2022-03-30 15:23:40.040][INFO ][org.springframework.boot.web.embedded.tomcat.TomcatWebServer][restartedMain][108]Tomcat initialized with port(s): 8080 (http)
[2022-03-30 15:23:40.040][INFO ][org.apache.juli.logging.DirectJDKLog][restartedMain][173]Initializing ProtocolHandler ["http-nio-8080"]
[2022-03-30 15:23:40.040][INFO ][org.apache.juli.logging.DirectJDKLog][restartedMain][173]Starting service [Tomcat]
[2022-03-30 15:23:40.040][INFO ][org.apache.juli.logging.DirectJDKLog][restartedMain][173]Starting Servlet engine: [Apache Tomcat/9.0.58]
[2022-03-30 15:23:40.040][INFO ][org.apache.juli.logging.DirectJDKLog][restartedMain][173]Initializing Spring embedded WebApplicationContext
[2022-03-30 15:23:40.040][INFO ][org.springframework.boot.web.servlet.context.ServletWebServerApplicationContext][restartedMain][290]Root WebApplicationContext: initialization completed in 1604 ms
[2022-03-30 15:25:42.042][INFO ][org.springframework.boot.devtools.autoconfigure.OptionalLiveReloadServer][restartedMain][58]LiveReload server is running on port 35729
[2022-03-30 15:25:42.042][INFO ][org.springframework.boot.web.embedded.tomcat.TomcatWebServer][restartedMain][220]Tomcat started on port(s): 8080 (http) with context path ''
[2022-03-30 15:25:42.042][INFO ][org.springframework.boot.StartupInfoLogger][restartedMain][61]Started Application in 124.079 seconds (JVM running for 126.626)
[2022-03-30 15:25:47.047][INFO ][org.springframework.boot.StartupInfoLogger][restartedMain][55]Starting Application using Java 17.0.1 on truong-Latitude-7480 with PID 14278 (/home/truong/Documents/crypto-exchanges/BE_crypto-price-service/target/classes started by truong in /home/truong/Documents/crypto-exchanges/BE_crypto-price-service)
[2022-03-30 15:25:47.047][INFO ][org.springframework.boot.SpringApplication][restartedMain][640]No active profile set, falling back to 1 default profile: "default"
[2022-03-30 15:25:47.047][INFO ][org.springframework.boot.logging.DeferredLog][restartedMain][255]The Class-Path manifest attribute in /home/truong/.m2/repository/org/liquibase/liquibase-core/4.5.0/liquibase-core-4.5.0.jar referenced one or more files that do not exist: file:/home/truong/.m2/repository/org/liquibase/liquibase-core/4.5.0/snakeyaml-1.27.jar
[2022-03-30 15:25:47.047][INFO ][org.springframework.boot.logging.DeferredLog][restartedMain][255]Devtools property defaults active! Set 'spring.devtools.add-properties' to 'false' to disable
[2022-03-30 15:25:47.047][INFO ][org.springframework.boot.logging.DeferredLog][restartedMain][255]For additional web related logging consider setting the 'logging.level.web' property to 'DEBUG'
[2022-03-30 15:25:49.049][INFO ][org.springframework.boot.web.embedded.tomcat.TomcatWebServer][restartedMain][108]Tomcat initialized with port(s): 8080 (http)
[2022-03-30 15:25:49.049][INFO ][org.apache.juli.logging.DirectJDKLog][restartedMain][173]Initializing ProtocolHandler ["http-nio-8080"]
[2022-03-30 15:25:49.049][INFO ][org.apache.juli.logging.DirectJDKLog][restartedMain][173]Starting service [Tomcat]
[2022-03-30 15:25:49.049][INFO ][org.apache.juli.logging.DirectJDKLog][restartedMain][173]Starting Servlet engine: [Apache Tomcat/9.0.58]
[2022-03-30 15:25:49.049][INFO ][org.apache.juli.logging.DirectJDKLog][restartedMain][173]Initializing Spring embedded WebApplicationContext
[2022-03-30 15:25:49.049][INFO ][org.springframework.boot.web.servlet.context.ServletWebServerApplicationContext][restartedMain][290]Root WebApplicationContext: initialization completed in 1604 ms
[2022-03-30 15:25:52.052][INFO ][org.springframework.boot.devtools.autoconfigure.OptionalLiveReloadServer][restartedMain][58]LiveReload server is running on port 35729
[2022-03-30 15:25:52.052][INFO ][org.apache.juli.logging.DirectJDKLog][restartedMain][173]Starting ProtocolHandler ["http-nio-8080"]
[2022-03-30 15:25:52.052][INFO ][org.springframework.boot.web.embedded.tomcat.TomcatWebServer][restartedMain][220]Tomcat started on port(s): 8080 (http) with context path ''
[2022-03-30 15:25:52.052][INFO ][org.springframework.boot.StartupInfoLogger][restartedMain][61]Started Application in 6.047 seconds (JVM running for 7.101)
[2022-03-30 15:42:57.057][INFO ][org.springframework.boot.StartupInfoLogger][restartedMain][55]Starting Application using Java 17.0.1 on truong-Latitude-7480 with PID 17420 (/home/truong/Documents/crypto-exchanges/BE_crypto-price-service/target/classes started by truong in /home/truong/Documents/crypto-exchanges/BE_crypto-price-service)
[2022-03-30 15:42:57.057][INFO ][org.springframework.boot.SpringApplication][restartedMain][640]No active profile set, falling back to 1 default profile: "default"
[2022-03-30 15:42:57.057][INFO ][org.springframework.boot.logging.DeferredLog][restartedMain][255]The Class-Path manifest attribute in /home/truong/.m2/repository/org/liquibase/liquibase-core/4.5.0/liquibase-core-4.5.0.jar referenced one or more files that do not exist: file:/home/truong/.m2/repository/org/liquibase/liquibase-core/4.5.0/snakeyaml-1.27.jar
[2022-03-30 15:42:57.057][INFO ][org.springframework.boot.logging.DeferredLog][restartedMain][255]Devtools property defaults active! Set 'spring.devtools.add-properties' to 'false' to disable
[2022-03-30 15:42:57.057][INFO ][org.springframework.boot.logging.DeferredLog][restartedMain][255]For additional web related logging consider setting the 'logging.level.web' property to 'DEBUG'
[2022-03-30 15:42:57.057][INFO ][org.springframework.boot.web.embedded.tomcat.TomcatWebServer][restartedMain][108]Tomcat initialized with port(s): 8080 (http)
[2022-03-30 15:42:57.057][INFO ][org.apache.juli.logging.DirectJDKLog][restartedMain][173]Initializing ProtocolHandler ["http-nio-8080"]
[2022-03-30 15:42:57.057][INFO ][org.apache.juli.logging.DirectJDKLog][restartedMain][173]Starting service [Tomcat]
[2022-03-30 15:42:57.057][INFO ][org.apache.juli.logging.DirectJDKLog][restartedMain][173]Starting Servlet engine: [Apache Tomcat/9.0.58]
[2022-03-30 15:42:57.057][INFO ][org.apache.juli.logging.DirectJDKLog][restartedMain][173]Initializing Spring embedded WebApplicationContext
[2022-03-30 15:42:57.057][INFO ][org.springframework.boot.web.servlet.context.ServletWebServerApplicationContext][restartedMain][290]Root WebApplicationContext: initialization completed in 798 ms
[2022-03-30 15:42:58.058][INFO ][org.springframework.boot.devtools.autoconfigure.OptionalLiveReloadServer][restartedMain][58]LiveReload server is running on port 35729
[2022-03-30 15:42:58.058][INFO ][org.apache.juli.logging.DirectJDKLog][restartedMain][173]Starting ProtocolHandler ["http-nio-8080"]
[2022-03-30 15:42:58.058][INFO ][org.springframework.boot.web.embedded.tomcat.TomcatWebServer][restartedMain][220]Tomcat started on port(s): 8080 (http) with context path ''
[2022-03-30 15:42:58.058][INFO ][org.springframework.web.socket.client.ConnectionManagerSupport][restartedMain][117]Starting WebSocketConnectionManager
[2022-03-30 15:42:58.058][INFO ][org.springframework.web.socket.client.WebSocketConnectionManager][restartedMain][136]Connecting to WebSocket at wss://stream.binance.com:9443/ws
[2022-03-30 15:42:58.058][INFO ][org.springframework.boot.StartupInfoLogger][restartedMain][61]Started Application in 1.943 seconds (JVM running for 2.767)
[2022-03-30 15:43:00.000][INFO ][org.springframework.web.socket.client.WebSocketConnectionManager$1][SimpleAsyncTaskExecutor-1][146]Successfully connected
[2022-03-30 18:11:02.002][INFO ][org.springframework.web.socket.client.ConnectionManagerSupport][SpringApplicationShutdownHook][129]Stopping WebSocketConnectionManager
